{
  "stats": {
    "suites": 1,
    "tests": 4,
    "passes": 4,
    "pending": 0,
    "failures": 0,
    "start": "2020-06-15T21:20:02.108Z",
    "end": "2020-06-15T21:20:04.560Z",
    "duration": 2452,
    "testsRegistered": 4,
    "passPercent": 100,
    "pendingPercent": 0,
    "other": 0,
    "hasOther": false,
    "skipped": 0,
    "hasSkipped": false
  },
  "results": [
    {
      "uuid": "fb0343c8-d8d4-4f6b-9a70-5ee3a5862964",
      "title": "",
      "fullFile": "cypress/integration/backend-test.spec.js",
      "file": "cypress/integration/backend-test.spec.js",
      "beforeHooks": [],
      "afterHooks": [],
      "tests": [],
      "suites": [
        {
          "uuid": "f97980d2-1bc6-4e8a-9fbf-51036f45ccc1",
          "title": "testing backend",
          "fullFile": "",
          "file": "",
          "beforeHooks": [],
          "afterHooks": [],
          "tests": [
            {
              "title": "Create new client",
              "fullTitle": "testing backend Create new client",
              "timedOut": null,
              "duration": 623,
              "state": "passed",
              "speed": "slow",
              "pass": true,
              "fail": false,
              "pending": false,
              "context": null,
              "code": "cy.validToken().then(function (response) {\n  ClientHelper.CreateClientRequest(cy);\n});",
              "err": {},
              "uuid": "0294c103-6d31-4b9f-84a1-0eff5e683d14",
              "parentUUID": "f97980d2-1bc6-4e8a-9fbf-51036f45ccc1",
              "isHook": false,
              "skipped": false
            },
            {
              "title": "Create and delete client",
              "fullTitle": "testing backend Create and delete client",
              "timedOut": null,
              "duration": 572,
              "state": "passed",
              "speed": "slow",
              "pass": true,
              "fail": false,
              "pending": false,
              "context": null,
              "code": "cy.validToken().then(function (response) {\n  ClientHelper.CreateClientRequestAndDelete(cy);\n});",
              "err": {},
              "uuid": "576a5d22-b082-490b-8476-b0f616b999ac",
              "parentUUID": "f97980d2-1bc6-4e8a-9fbf-51036f45ccc1",
              "isHook": false,
              "skipped": false
            },
            {
              "title": "Create new bill",
              "fullTitle": "testing backend Create new bill",
              "timedOut": null,
              "duration": 565,
              "state": "passed",
              "speed": "slow",
              "pass": true,
              "fail": false,
              "pending": false,
              "context": null,
              "code": "cy.validToken().then(function (response) {\n  BillsHelper.CreateBillRequest(cy);\n});",
              "err": {},
              "uuid": "7c8345ce-dbb4-408a-8e50-4c2687969706",
              "parentUUID": "f97980d2-1bc6-4e8a-9fbf-51036f45ccc1",
              "isHook": false,
              "skipped": false
            },
            {
              "title": "Create new bill and edit it",
              "fullTitle": "testing backend Create new bill and edit it",
              "timedOut": null,
              "duration": 590,
              "state": "passed",
              "speed": "slow",
              "pass": true,
              "fail": false,
              "pending": false,
              "context": null,
              "code": "cy.validToken().then(function (response) {\n  BillsHelper.CreateBillRequestAndEditIt(cy);\n});",
              "err": {},
              "uuid": "eb5c3d5f-a9b4-44f8-9967-6ed101161cab",
              "parentUUID": "f97980d2-1bc6-4e8a-9fbf-51036f45ccc1",
              "isHook": false,
              "skipped": false
            }
          ],
          "suites": [],
          "passes": [
            "0294c103-6d31-4b9f-84a1-0eff5e683d14",
            "576a5d22-b082-490b-8476-b0f616b999ac",
            "7c8345ce-dbb4-408a-8e50-4c2687969706",
            "eb5c3d5f-a9b4-44f8-9967-6ed101161cab"
          ],
          "failures": [],
          "pending": [],
          "skipped": [],
          "duration": 2350,
          "root": false,
          "rootEmpty": false,
          "_timeout": 2000
        }
      ],
      "passes": [],
      "failures": [],
      "pending": [],
      "skipped": [],
      "duration": 0,
      "root": true,
      "rootEmpty": true,
      "_timeout": 2000
    }
  ],
  "meta": {
    "mocha": {
      "version": "7.0.1"
    },
    "mochawesome": {
      "options": {
        "quiet": false,
        "reportFilename": "mochawesome",
        "saveHtml": true,
        "saveJson": true,
        "consoleReporter": "spec",
        "useInlineDiffs": false,
        "code": true
      },
      "version": "6.1.1"
    },
    "marge": {
      "options": null,
      "version": "5.1.0"
    }
  }
}